<?xml version="1.0" encoding="UTF-8"?>
<!-- Generated by org.testng.reporters.JUnitXMLReporter -->
<testsuite hostname="DESKTOP-6PPGMDK" name="Default test" tests="1" failures="1" timestamp="14 Nov 2016 11:48:44 GMT" time="86.511" errors="0">
  <testcase name="openBrowser" time="85.651" classname="com.flipkart.test.functional.Screenshot_Example">
    <failure type="org.openqa.selenium.WebDriverException" message="Failed to connect to binary FirefoxBinary(C:\Program Files (x86)\Mozilla Firefox\firefox.exe) on port 7055; process output follows: 
:&amp;quot;winreg-app-global&amp;quot;,&amp;quot;version&amp;quot;:&amp;quot;5.0.248.0&amp;quot;,&amp;quot;type&amp;quot;:&amp;quot;extension&amp;quot;,&amp;quot;internalName&amp;quot;:null,&amp;quot;updateURL&amp;quot;:null,&amp;quot;updateKey&amp;quot;:null,&amp;quot;optionsURL&amp;quot;:null,&amp;quot;optionsType&amp;quot;:null,&amp;quot;aboutURL&amp;quot;:null,&amp;quot;icons&amp;quot;:{},&amp;quot;iconURL&amp;quot;:&amp;quot;chrome://saff/content/siteadvisor.gif&amp;quot;,&amp;quot;icon64URL&amp;quot;:null,&amp;quot;defaultLocale&amp;quot;:{&amp;quot;name&amp;quot;:&amp;quot;McAfee WebAdvisor&amp;quot;,&amp;quot;description&amp;quot;:null,&amp;quot;creator&amp;quot;:&amp;quot;McAfee Inc.&amp;quot;,&amp;quot;homepageURL&amp;quot;:&amp;quot;http://www.siteadvisor.com/&amp;quot;},&amp;quot;visible&amp;quot;:true,&amp;quot;active&amp;quot;:false,&amp;quot;userDisabled&amp;quot;:true,&amp;quot;appDisabled&amp;quot;:false,&amp;quot;descriptor&amp;quot;:&amp;quot;C:\\Program Files (x86)\\McAfee\\SiteAdvisor\\saffplg.xpi&amp;quot;,&amp;quot;installDate&amp;quot;:1475809463952,&amp;quot;updateDate&amp;quot;:1475809463952,&amp;quot;applyBackgroundUpdates&amp;quot;:1,&amp;quot;bootstrap&amp;quot;:false,&amp;quot;skinnable&amp;quot;:false,&amp;quot;size&amp;quot;:296974,&amp;quot;sourceURI&amp;quot;:null,&amp;quot;releaseNotesURI&amp;quot;:null,&amp;quot;softDisabled&amp;quot;:false,&amp;quot;foreignInstall&amp;quot;:true,&amp;quot;hasBinaryComponents&amp;quot;:false,&amp;quot;strictCompatibility&amp;quot;:false,&amp;quot;locales&amp;quot;:[],&amp;quot;targetApplications&amp;quot;:[{&amp;quot;id&amp;quot;:&amp;quot;{ec8030f7-c20a-464f-9b0e-13a3a9e97384}&amp;quot;,&amp;quot;minVersion&amp;quot;:&amp;quot;26.0&amp;quot;,&amp;quot;maxVersion&amp;quot;:&amp;quot;44.*&amp;quot;}],&amp;quot;targetPlatforms&amp;quot;:[],&amp;quot;multiprocessCompatible&amp;quot;:false,&amp;quot;signedState&amp;quot;:2,&amp;quot;seen&amp;quot;:true}
1479124071336	DeferredSave.extensions.json	DEBUG	Save changes
1479124071336	addons.xpi	DEBUG	Updating database with changes to installed add-ons
1479124071336	addons.xpi-utils	DEBUG	Updating add-on states
1479124071339	addons.xpi-utils	DEBUG	Writing add-ons list
1479124071385	addons.xpi	DEBUG	Registering manifest for C:\Program Files (x86)\Mozilla Firefox\browser\features\e10srollout@mozilla.org.xpi
1479124071387	addons.xpi	DEBUG	Calling bootstrap method startup on e10srollout@mozilla.org version 1.0
1479124071387	addons.xpi	DEBUG	Registering manifest for C:\Program Files (x86)\Mozilla Firefox\browser\features\firefox@getpocket.com.xpi
1479124071389	addons.xpi	DEBUG	Calling bootstrap method startup on firefox@getpocket.com version 1.0.2
1479124071391	addons.xpi	DEBUG	Registering manifest for C:\Program Files (x86)\Mozilla Firefox\browser\features\loop@mozilla.org.xpi
1479124071393	addons.xpi	DEBUG	Calling bootstrap method startup on loop@mozilla.org version 1.3.2
1479124071474	addons.manager	DEBUG	Registering shutdown blocker for XPIProvider
1479124071474	addons.manager	DEBUG	Provider finished startup: XPIProvider
1479124071475	addons.manager	DEBUG	Starting provider: LightweightThemeManager
1479124071475	addons.manager	DEBUG	Registering shutdown blocker for LightweightThemeManager
1479124071475	addons.manager	DEBUG	Provider finished startup: LightweightThemeManager
1479124071476	addons.manager	DEBUG	Starting provider: GMPProvider
1479124071520	addons.manager	DEBUG	Registering shutdown blocker for GMPProvider
1479124071521	addons.manager	DEBUG	Provider finished startup: GMPProvider
1479124071521	addons.manager	DEBUG	Starting provider: PluginProvider
1479124071521	addons.manager	DEBUG	Registering shutdown blocker for PluginProvider
1479124071522	addons.manager	DEBUG	Provider finished startup: PluginProvider
1479124071523	addons.manager	DEBUG	Completed startup sequence
1479124082875	addons.manager	DEBUG	Starting provider: &amp;lt;unnamed-provider&amp;gt;
1479124082875	addons.manager	DEBUG	Registering shutdown blocker for &amp;lt;unnamed-provider&amp;gt;
1479124082876	addons.manager	DEBUG	Provider finished startup: &amp;lt;unnamed-provider&amp;gt;
1479124088939	DeferredSave.extensions.json	DEBUG	Write succeeded
1479124088941	addons.xpi-utils	DEBUG	XPI Database saved, setting schema version preference to 17
1479124088943	DeferredSave.extensions.json	DEBUG	Starting timer
1479124088985	DeferredSave.extensions.json	DEBUG	Starting write
1479124089099	addons.repository	DEBUG	No addons.json found.
1479124089102	DeferredSave.addons.json	DEBUG	Save changes
1479124089131	DeferredSave.addons.json	DEBUG	Starting timer
1479124091446	addons.manager	DEBUG	Starting provider: PreviousExperimentProvider
1479124091447	addons.manager	DEBUG	Registering shutdown blocker for PreviousExperimentProvider
1479124091448	addons.manager	DEBUG	Provider finished startup: PreviousExperimentProvider
1479124091457	DeferredSave.addons.json	DEBUG	Starting write
1479124091645	DeferredSave.extensions.json	DEBUG	Write succeeded
1479124093766	DeferredSave.addons.json	DEBUG	Write succeeded

Build info: version: &amp;apos;2.53.1&amp;apos;, revision: &amp;apos;a36b8b1&amp;apos;, time: &amp;apos;2016-06-30 17:32:46&amp;apos;
System info: host: &amp;apos;DESKTOP-6PPGMDK&amp;apos;, ip: &amp;apos;192.168.1.7&amp;apos;, os.name: &amp;apos;Windows 8.1&amp;apos;, os.arch: &amp;apos;amd64&amp;apos;, os.version: &amp;apos;6.3&amp;apos;, java.version: &amp;apos;1.7.0_79&amp;apos;
Driver info: driver.version: FirefoxDriver">
      <![CDATA[org.openqa.selenium.WebDriverException: Failed to connect to binary FirefoxBinary(C:\Program Files (x86)\Mozilla Firefox\firefox.exe) on port 7055; process output follows: 
:"winreg-app-global","version":"5.0.248.0","type":"extension","internalName":null,"updateURL":null,"updateKey":null,"optionsURL":null,"optionsType":null,"aboutURL":null,"icons":{},"iconURL":"chrome://saff/content/siteadvisor.gif","icon64URL":null,"defaultLocale":{"name":"McAfee WebAdvisor","description":null,"creator":"McAfee Inc.","homepageURL":"http://www.siteadvisor.com/"},"visible":true,"active":false,"userDisabled":true,"appDisabled":false,"descriptor":"C:\\Program Files (x86)\\McAfee\\SiteAdvisor\\saffplg.xpi","installDate":1475809463952,"updateDate":1475809463952,"applyBackgroundUpdates":1,"bootstrap":false,"skinnable":false,"size":296974,"sourceURI":null,"releaseNotesURI":null,"softDisabled":false,"foreignInstall":true,"hasBinaryComponents":false,"strictCompatibility":false,"locales":[],"targetApplications":[{"id":"{ec8030f7-c20a-464f-9b0e-13a3a9e97384}","minVersion":"26.0","maxVersion":"44.*"}],"targetPlatforms":[],"multiprocessCompatible":false,"signedState":2,"seen":true}
1479124071336	DeferredSave.extensions.json	DEBUG	Save changes
1479124071336	addons.xpi	DEBUG	Updating database with changes to installed add-ons
1479124071336	addons.xpi-utils	DEBUG	Updating add-on states
1479124071339	addons.xpi-utils	DEBUG	Writing add-ons list
1479124071385	addons.xpi	DEBUG	Registering manifest for C:\Program Files (x86)\Mozilla Firefox\browser\features\e10srollout@mozilla.org.xpi
1479124071387	addons.xpi	DEBUG	Calling bootstrap method startup on e10srollout@mozilla.org version 1.0
1479124071387	addons.xpi	DEBUG	Registering manifest for C:\Program Files (x86)\Mozilla Firefox\browser\features\firefox@getpocket.com.xpi
1479124071389	addons.xpi	DEBUG	Calling bootstrap method startup on firefox@getpocket.com version 1.0.2
1479124071391	addons.xpi	DEBUG	Registering manifest for C:\Program Files (x86)\Mozilla Firefox\browser\features\loop@mozilla.org.xpi
1479124071393	addons.xpi	DEBUG	Calling bootstrap method startup on loop@mozilla.org version 1.3.2
1479124071474	addons.manager	DEBUG	Registering shutdown blocker for XPIProvider
1479124071474	addons.manager	DEBUG	Provider finished startup: XPIProvider
1479124071475	addons.manager	DEBUG	Starting provider: LightweightThemeManager
1479124071475	addons.manager	DEBUG	Registering shutdown blocker for LightweightThemeManager
1479124071475	addons.manager	DEBUG	Provider finished startup: LightweightThemeManager
1479124071476	addons.manager	DEBUG	Starting provider: GMPProvider
1479124071520	addons.manager	DEBUG	Registering shutdown blocker for GMPProvider
1479124071521	addons.manager	DEBUG	Provider finished startup: GMPProvider
1479124071521	addons.manager	DEBUG	Starting provider: PluginProvider
1479124071521	addons.manager	DEBUG	Registering shutdown blocker for PluginProvider
1479124071522	addons.manager	DEBUG	Provider finished startup: PluginProvider
1479124071523	addons.manager	DEBUG	Completed startup sequence
1479124082875	addons.manager	DEBUG	Starting provider: <unnamed-provider>
1479124082875	addons.manager	DEBUG	Registering shutdown blocker for <unnamed-provider>
1479124082876	addons.manager	DEBUG	Provider finished startup: <unnamed-provider>
1479124088939	DeferredSave.extensions.json	DEBUG	Write succeeded
1479124088941	addons.xpi-utils	DEBUG	XPI Database saved, setting schema version preference to 17
1479124088943	DeferredSave.extensions.json	DEBUG	Starting timer
1479124088985	DeferredSave.extensions.json	DEBUG	Starting write
1479124089099	addons.repository	DEBUG	No addons.json found.
1479124089102	DeferredSave.addons.json	DEBUG	Save changes
1479124089131	DeferredSave.addons.json	DEBUG	Starting timer
1479124091446	addons.manager	DEBUG	Starting provider: PreviousExperimentProvider
1479124091447	addons.manager	DEBUG	Registering shutdown blocker for PreviousExperimentProvider
1479124091448	addons.manager	DEBUG	Provider finished startup: PreviousExperimentProvider
1479124091457	DeferredSave.addons.json	DEBUG	Starting write
1479124091645	DeferredSave.extensions.json	DEBUG	Write succeeded
1479124093766	DeferredSave.addons.json	DEBUG	Write succeeded

Build info: version: '2.53.1', revision: 'a36b8b1', time: '2016-06-30 17:32:46'
System info: host: 'DESKTOP-6PPGMDK', ip: '192.168.1.7', os.name: 'Windows 8.1', os.arch: 'amd64', os.version: '6.3', java.version: '1.7.0_79'
Driver info: driver.version: FirefoxDriver
	at org.openqa.selenium.firefox.internal.NewProfileExtensionConnection.start(NewProfileExtensionConnection.java:124)
	at org.openqa.selenium.firefox.FirefoxDriver.startClient(FirefoxDriver.java:271)
	at org.openqa.selenium.remote.RemoteWebDriver.<init>(RemoteWebDriver.java:119)
	at org.openqa.selenium.firefox.FirefoxDriver.<init>(FirefoxDriver.java:218)
	at org.openqa.selenium.firefox.FirefoxDriver.<init>(FirefoxDriver.java:211)
	at org.openqa.selenium.firefox.FirefoxDriver.<init>(FirefoxDriver.java:207)
	at org.openqa.selenium.firefox.FirefoxDriver.<init>(FirefoxDriver.java:120)
	at com.flipkart.test.functional.Screenshot_Example.openBrowser(Screenshot_Example.java:19)
	at sun.reflect.NativeMethodAccessorImpl.invoke0(Native Method)
	at sun.reflect.NativeMethodAccessorImpl.invoke(NativeMethodAccessorImpl.java:57)
	at sun.reflect.DelegatingMethodAccessorImpl.invoke(DelegatingMethodAccessorImpl.java:43)
	at java.lang.reflect.Method.invoke(Method.java:606)
	at org.testng.internal.MethodInvocationHelper.invokeMethod(MethodInvocationHelper.java:85)
	at org.testng.internal.Invoker.invokeMethod(Invoker.java:639)
	at org.testng.internal.Invoker.invokeTestMethod(Invoker.java:816)
	at org.testng.internal.Invoker.invokeTestMethods(Invoker.java:1124)
	at org.testng.internal.TestMethodWorker.invokeTestMethods(TestMethodWorker.java:125)
	at org.testng.internal.TestMethodWorker.run(TestMethodWorker.java:108)
	at org.testng.TestRunner.privateRun(TestRunner.java:774)
	at org.testng.TestRunner.run(TestRunner.java:624)
	at org.testng.SuiteRunner.runTest(SuiteRunner.java:359)
	at org.testng.SuiteRunner.runSequentially(SuiteRunner.java:354)
	at org.testng.SuiteRunner.privateRun(SuiteRunner.java:312)
	at org.testng.SuiteRunner.run(SuiteRunner.java:261)
	at org.testng.SuiteRunnerWorker.runSuite(SuiteRunnerWorker.java:52)
	at org.testng.SuiteRunnerWorker.run(SuiteRunnerWorker.java:86)
	at org.testng.TestNG.runSuitesSequentially(TestNG.java:1215)
	at org.testng.TestNG.runSuitesLocally(TestNG.java:1140)
	at org.testng.TestNG.run(TestNG.java:1048)
	at org.testng.remote.AbstractRemoteTestNG.run(AbstractRemoteTestNG.java:132)
	at org.testng.remote.RemoteTestNG.initAndRun(RemoteTestNG.java:236)
	at org.testng.remote.RemoteTestNG.main(RemoteTestNG.java:81)
Caused by: org.openqa.selenium.firefox.NotConnectedException: Unable to connect to host 127.0.0.1 on port 7055 after 45000 ms. Firefox console output:
:"winreg-app-global","version":"5.0.248.0","type":"extension","internalName":null,"updateURL":null,"updateKey":null,"optionsURL":null,"optionsType":null,"aboutURL":null,"icons":{},"iconURL":"chrome://saff/content/siteadvisor.gif","icon64URL":null,"defaultLocale":{"name":"McAfee WebAdvisor","description":null,"creator":"McAfee Inc.","homepageURL":"http://www.siteadvisor.com/"},"visible":true,"active":false,"userDisabled":true,"appDisabled":false,"descriptor":"C:\\Program Files (x86)\\McAfee\\SiteAdvisor\\saffplg.xpi","installDate":1475809463952,"updateDate":1475809463952,"applyBackgroundUpdates":1,"bootstrap":false,"skinnable":false,"size":296974,"sourceURI":null,"releaseNotesURI":null,"softDisabled":false,"foreignInstall":true,"hasBinaryComponents":false,"strictCompatibility":false,"locales":[],"targetApplications":[{"id":"{ec8030f7-c20a-464f-9b0e-13a3a9e97384}","minVersion":"26.0","maxVersion":"44.*"}],"targetPlatforms":[],"multiprocessCompatible":false,"signedState":2,"seen":true}
1479124071336	DeferredSave.extensions.json	DEBUG	Save changes
1479124071336	addons.xpi	DEBUG	Updating database with changes to installed add-ons
1479124071336	addons.xpi-utils	DEBUG	Updating add-on states
1479124071339	addons.xpi-utils	DEBUG	Writing add-ons list
1479124071385	addons.xpi	DEBUG	Registering manifest for C:\Program Files (x86)\Mozilla Firefox\browser\features\e10srollout@mozilla.org.xpi
1479124071387	addons.xpi	DEBUG	Calling bootstrap method startup on e10srollout@mozilla.org version 1.0
1479124071387	addons.xpi	DEBUG	Registering manifest for C:\Program Files (x86)\Mozilla Firefox\browser\features\firefox@getpocket.com.xpi
1479124071389	addons.xpi	DEBUG	Calling bootstrap method startup on firefox@getpocket.com version 1.0.2
1479124071391	addons.xpi	DEBUG	Registering manifest for C:\Program Files (x86)\Mozilla Firefox\browser\features\loop@mozilla.org.xpi
1479124071393	addons.xpi	DEBUG	Calling bootstrap method startup on loop@mozilla.org version 1.3.2
1479124071474	addons.manager	DEBUG	Registering shutdown blocker for XPIProvider
1479124071474	addons.manager	DEBUG	Provider finished startup: XPIProvider
1479124071475	addons.manager	DEBUG	Starting provider: LightweightThemeManager
1479124071475	addons.manager	DEBUG	Registering shutdown blocker for LightweightThemeManager
1479124071475	addons.manager	DEBUG	Provider finished startup: LightweightThemeManager
1479124071476	addons.manager	DEBUG	Starting provider: GMPProvider
1479124071520	addons.manager	DEBUG	Registering shutdown blocker for GMPProvider
1479124071521	addons.manager	DEBUG	Provider finished startup: GMPProvider
1479124071521	addons.manager	DEBUG	Starting provider: PluginProvider
1479124071521	addons.manager	DEBUG	Registering shutdown blocker for PluginProvider
1479124071522	addons.manager	DEBUG	Provider finished startup: PluginProvider
1479124071523	addons.manager	DEBUG	Completed startup sequence
1479124082875	addons.manager	DEBUG	Starting provider: <unnamed-provider>
1479124082875	addons.manager	DEBUG	Registering shutdown blocker for <unnamed-provider>
1479124082876	addons.manager	DEBUG	Provider finished startup: <unnamed-provider>
1479124088939	DeferredSave.extensions.json	DEBUG	Write succeeded
1479124088941	addons.xpi-utils	DEBUG	XPI Database saved, setting schema version preference to 17
1479124088943	DeferredSave.extensions.json	DEBUG	Starting timer
1479124088985	DeferredSave.extensions.json	DEBUG	Starting write
1479124089099	addons.repository	DEBUG	No addons.json found.
1479124089102	DeferredSave.addons.json	DEBUG	Save changes
1479124089131	DeferredSave.addons.json	DEBUG	Starting timer
1479124091446	addons.manager	DEBUG	Starting provider: PreviousExperimentProvider
1479124091447	addons.manager	DEBUG	Registering shutdown blocker for PreviousExperimentProvider
1479124091448	addons.manager	DEBUG	Provider finished startup: PreviousExperimentProvider
1479124091457	DeferredSave.addons.json	DEBUG	Starting write
1479124091645	DeferredSave.extensions.json	DEBUG	Write succeeded
1479124093766	DeferredSave.addons.json	DEBUG	Write succeeded

	at org.openqa.selenium.firefox.internal.NewProfileExtensionConnection.start(NewProfileExtensionConnection.java:112)
	... 31 more
]]>
    </failure>
  </testcase> <!-- openBrowser -->
</testsuite> <!-- Default test -->
