<?xml version="1.0" encoding="UTF-8"?>
<!-- Generated by org.testng.reporters.JUnitXMLReporter -->
<testsuite hostname="DESKTOP-6PPGMDK" name="Default test" tests="4" failures="0" timestamp="6 Oct 2016 06:56:23 GMT" time="0.151" errors="0">
  <testcase name="method_2" time="0.032" classname="testSuite.hard_Assert_example"/>
  <testcase name="method_4" time="0.005" classname="testSuite.hard_Assert_example"/>
  <testcase name="method_1" time="0.013" classname="testSuite.soft_Assert_example"/>
  <testcase name="method_3" time="0.016" classname="testSuite.soft_Assert_example"/>
</testsuite> <!-- Default test -->
