<?xml version="1.0" encoding="UTF-8"?>
<testng-results skipped="0" failed="0" total="4" passed="4">
  <reporter-output>
  </reporter-output>
  <suite name="Default suite" duration-ms="151" started-at="2016-10-06T06:56:23Z" finished-at="2016-10-06T06:56:23Z">
    <groups>
      <group name="Group_1">
        <method signature="hard_Assert_example.method_2()[pri:0, instance:testSuite.hard_Assert_example@3ad5ba3a]" name="method_2" class="testSuite.hard_Assert_example"/>
        <method signature="soft_Assert_example.method_1()[pri:0, instance:testSuite.soft_Assert_example@48a3abff]" name="method_1" class="testSuite.soft_Assert_example"/>
      </group> <!-- Group_1 -->
      <group name="Group_2">
        <method signature="hard_Assert_example.method_4()[pri:0, instance:testSuite.hard_Assert_example@3ad5ba3a]" name="method_4" class="testSuite.hard_Assert_example"/>
        <method signature="soft_Assert_example.method_3()[pri:0, instance:testSuite.soft_Assert_example@48a3abff]" name="method_3" class="testSuite.soft_Assert_example"/>
      </group> <!-- Group_2 -->
    </groups>
    <test name="Default test" duration-ms="151" started-at="2016-10-06T06:56:23Z" finished-at="2016-10-06T06:56:23Z">
      <class name="testSuite.hard_Assert_example">
        <test-method status="PASS" signature="method_2()[pri:0, instance:testSuite.hard_Assert_example@3ad5ba3a]" name="method_2" duration-ms="32" started-at="2016-10-06T12:26:23Z" finished-at="2016-10-06T12:26:23Z">
          <reporter-output>
          </reporter-output>
        </test-method> <!-- method_2 -->
        <test-method status="PASS" signature="method_4()[pri:0, instance:testSuite.hard_Assert_example@3ad5ba3a]" name="method_4" duration-ms="5" started-at="2016-10-06T12:26:23Z" finished-at="2016-10-06T12:26:23Z">
          <reporter-output>
          </reporter-output>
        </test-method> <!-- method_4 -->
      </class> <!-- testSuite.hard_Assert_example -->
      <class name="testSuite.soft_Assert_example">
        <test-method status="PASS" signature="method_1()[pri:0, instance:testSuite.soft_Assert_example@48a3abff]" name="method_1" duration-ms="13" started-at="2016-10-06T12:26:23Z" finished-at="2016-10-06T12:26:23Z">
          <reporter-output>
          </reporter-output>
        </test-method> <!-- method_1 -->
        <test-method status="PASS" signature="method_3()[pri:0, instance:testSuite.soft_Assert_example@48a3abff]" name="method_3" duration-ms="16" started-at="2016-10-06T12:26:23Z" finished-at="2016-10-06T12:26:23Z">
          <reporter-output>
          </reporter-output>
        </test-method> <!-- method_3 -->
      </class> <!-- testSuite.soft_Assert_example -->
    </test> <!-- Default test -->
  </suite> <!-- Default suite -->
</testng-results>
